JAVA_OPTS already set in environment; overriding default settings with values: -Xmx3000M -XX:MaxPermSize=1024M -Dsyrius.log4j.configuration.watch_interval=5000 -Dsyrius.log4j.configuration.reconfigure=true -Dsyrius.profiling=true -Dsyrius.WebserviceEndpointConfig=file:///opt/jboss/syrius/config/jee_EndpointConfig.xml -XX:MaxPermSize=1024M -Djava.net.preferIPv4Stack=true -Dorg.jboss.as.logging.per-deployment=false -Dlog4j.configuration=/opt/jboss/syrius/config/jee_log4j.xml -Dksd.config=/opt/jboss/syrius/config/ksd_config.xml -Dsyrius.searchengine_configfile=/opt/jboss/syrius/config/es_config.yml -Dlogstreamer.profiles=/opt/jboss/syrius/config/LogStreamerProfiles.xml -Dlogstreamer.jgroups_config=file:///opt/jboss/syrius/config/fl_jgroups.xml -Dlogstreamer.jgroups_name=GENERALI_O -Dlogstreamer.name=GENERALI_O_test -Xdebug -Xnoagent -Xrunjdwp:transport=dt_socket,address=42711,server=y,suspend=n -Dsyrius.ldap.config=file:////opt/jboss/syrius/config/activeDirectory.conf -Djava.security.auth.login.config=/opt/jboss/syrius/config/jee_auth.conf -Dsyrius.default_userid=SyriusAdmin 
=========================================================================

  JBoss Bootstrap Environment

  JBOSS_HOME: /opt/jboss/jboss-eap-6.3

  JAVA: /opt/jboss/jdk1.7.0_80/bin/java

  JAVA_OPTS:  -server -XX:+UseCompressedOops -verbose:gc -Xloggc:"/opt/jboss/jboss-eap-6.3/standalone/log/gc.log" -XX:+PrintGCDetails -XX:+PrintGCDateStamps -XX:+UseGCLogFileRotation -XX:NumberOfGCLogFiles=5 -XX:GCLogFileSize=3M -XX:-TraceClassUnloading -Xmx3000M -XX:MaxPermSize=1024M -Dsyrius.log4j.configuration.watch_interval=5000 -Dsyrius.log4j.configuration.reconfigure=true -Dsyrius.profiling=true -Dsyrius.WebserviceEndpointConfig=file:///opt/jboss/syrius/config/jee_EndpointConfig.xml -XX:MaxPermSize=1024M -Djava.net.preferIPv4Stack=true -Dorg.jboss.as.logging.per-deployment=false -Dlog4j.configuration=/opt/jboss/syrius/config/jee_log4j.xml -Dksd.config=/opt/jboss/syrius/config/ksd_config.xml -Dsyrius.searchengine_configfile=/opt/jboss/syrius/config/es_config.yml -Dlogstreamer.profiles=/opt/jboss/syrius/config/LogStreamerProfiles.xml -Dlogstreamer.jgroups_config=file:///opt/jboss/syrius/config/fl_jgroups.xml -Dlogstreamer.jgroups_name=GENERALI_O -Dlogstreamer.name=GENERALI_O_test -Xdebug -Xnoagent -Xrunjdwp:transport=dt_socket,address=42711,server=y,suspend=n -Dsyrius.ldap.config=file:////opt/jboss/syrius/config/activeDirectory.conf -Djava.security.auth.login.config=/opt/jboss/syrius/config/jee_auth.conf -Dsyrius.default_userid=SyriusAdmin  -Djboss.bind.address=0.0.0.0 -Djboss.bind.address.management=0.0.0.0

=========================================================================

Listening for transport dt_socket at address: 42711
[0m11:19:55,330 INFO  [org.jboss.modules] (main) JBoss Modules version 1.3.5.Final-redhat-1
[0mjava.lang.IllegalStateException: JBAS014805: Could not get main file: /opt/jboss/syrius/config/standalone-full-syrius.xml. Specified files must be relative to the configuration dir: /opt/jboss/jboss-eap-6.3/standalone/configuration
	at org.jboss.as.controller.persistence.ConfigurationFile.determineMainFile(ConfigurationFile.java:168)
	at org.jboss.as.controller.persistence.ConfigurationFile.<init>(ConfigurationFile.java:95)
	at org.jboss.as.server.ServerEnvironment.<init>(ServerEnvironment.java:393)
	at org.jboss.as.server.Main.determineEnvironment(Main.java:263)
	at org.jboss.as.server.Main.main(Main.java:93)
	at sun.reflect.NativeMethodAccessorImpl.invoke0(Native Method)
	at sun.reflect.NativeMethodAccessorImpl.invoke(NativeMethodAccessorImpl.java:57)
	at sun.reflect.DelegatingMethodAccessorImpl.invoke(DelegatingMethodAccessorImpl.java:43)
	at java.lang.reflect.Method.invoke(Method.java:606)
	at org.jboss.modules.Module.run(Module.java:312)
	at org.jboss.modules.Main.main(Main.java:460)
